JvmtiExport can_access_local_variables 0
JvmtiExport can_hotswap_or_post_breakpoint 0
JvmtiExport can_post_on_exceptions 0
# 349 ciObject found
ciMethod java/lang/Object <init> ()V 1714 0 113831140 0 -1
ciMethod java/lang/Object equals (Ljava/lang/Object;)Z 1464 0 530239 0 -1
ciMethod java/lang/Class getName ()Ljava/lang/String; 512 0 890823 0 -1
ciMethod java/lang/Class initClassName ()Ljava/lang/String; 516 0 258 0 -1
ciMethod java/util/Map entrySet ()Ljava/util/Set; 0 0 1 0 -1
ciMethod java/lang/Iterable iterator ()Ljava/util/Iterator; 0 0 1 0 -1
ciMethod java/util/Collection add (Ljava/lang/Object;)Z 0 0 1 0 -1
ciMethod java/util/List size ()I 0 0 1 0 -1
ciMethod java/util/List isEmpty ()Z 0 0 1 0 -1
ciMethod java/util/ArrayList <init> ()V 512 0 5440177 0 -1
ciMethod java/util/AbstractList <init> ()V 520 0 8294950 0 -1
ciMethod java/util/AbstractCollection <init> ()V 586 0 19193757 0 -1
ciMethod java/lang/Boolean booleanValue ()Z 268 0 134 0 -1
ciMethod java/lang/Boolean valueOf (Z)Ljava/lang/Boolean; 828 0 969839 0 -1
ciMethod java/util/Iterator hasNext ()Z 0 0 1 0 -1
ciMethod java/util/Iterator next ()Ljava/lang/Object; 0 0 1 0 -1
ciMethod java/lang/NullPointerException <init> (Ljava/lang/String;)V 0 0 1 0 -1
ciMethod java/util/Map$Entry getKey ()Ljava/lang/Object; 0 0 1 0 -1
ciMethod java/util/Map$Entry getValue ()Ljava/lang/Object; 0 0 1 0 -1
ciMethod java/lang/ThreadLocal get ()Ljava/lang/Object; 512 0 60417 0 -1
ciMethod java/lang/ThreadLocal set (Ljava/lang/Object;)V 2232416 0 998543 0 -1
ciMethodData java/lang/Object <init> ()V 2 113831140 orig 80 1 0 0 0 0 0 0 0 0 0 0 0 176 153 241 56 0 0 0 0 0 0 0 0 0 0 0 0 0 0 0 0 0 0 0 0 0 0 0 0 0 0 0 0 0 0 0 0 0 0 0 0 0 0 0 0 0 0 0 0 0 0 0 0 0 0 0 0 0 0 0 0 0 0 0 0 0 0 0 0 data 4 0x0 0x9 0x1 0x0 oops 0 methods 0
ciMethodData java/util/AbstractCollection <init> ()V 2 19193757 orig 80 0 0 0 0 0 0 0 0 0 0 0 0 176 153 241 56 0 0 0 0 0 0 0 0 0 0 0 0 0 0 0 0 0 0 0 0 0 0 0 0 0 0 0 0 0 0 0 0 0 0 0 0 0 0 0 0 0 0 0 0 0 0 0 0 0 0 0 0 0 0 0 0 0 0 0 0 0 0 0 0 data 7 0x10002 0x124c305 0x0 0x0 0x9 0x1 0x0 oops 0 methods 0
ciMethodData java/lang/NullPointerException <init> (Ljava/lang/String;)V 1 0 orig 80 0 0 0 0 0 0 0 0 0 0 0 0 0 0 0 0 0 0 0 0 0 0 0 0 0 0 0 0 0 0 0 0 0 0 0 0 0 0 0 0 0 0 0 0 0 0 0 0 0 0 0 0 0 0 0 0 0 0 0 0 0 0 0 0 0 0 0 0 0 0 0 0 0 0 0 0 0 0 0 0 data 8 0x20002 0x0 0x0 0x0 0x9 0x2 0xffffffffffffffff 0xffffffffffffffff oops 0 methods 0
ciMethodData java/lang/Class getName ()Ljava/lang/String; 2 890823 orig 80 0 0 0 0 0 0 0 0 0 0 0 0 176 153 241 56 0 0 0 0 0 0 0 0 0 0 0 0 0 0 0 0 0 0 0 0 0 0 0 0 0 0 0 0 0 0 0 0 0 0 0 0 0 0 0 0 0 0 0 0 0 0 0 0 0 0 0 0 0 0 0 0 0 0 0 0 0 0 0 0 data 23 0x60007 0x1e91 0x38 0xd78c7 0xa0003 0xd77e6 0x50 0xe0005 0x1e91 0x0 0x0 0x0 0x0 0x0 0x0 0x0 0x0 0x0 0x0 0x0 0x9 0x1 0xffffffffffffffff oops 0 methods 0
ciMethodData java/util/AbstractList <init> ()V 2 8294950 orig 80 0 0 0 0 0 0 0 0 0 0 0 0 176 153 241 56 0 0 0 0 0 0 0 0 0 0 0 0 0 0 0 0 0 0 0 0 0 0 0 0 0 0 0 0 0 0 0 0 0 0 0 0 0 0 0 0 0 0 0 0 0 0 0 0 0 0 0 0 0 0 0 0 0 0 0 0 0 0 0 0 data 9 0x10002 0x7e90d3 0x0 0x0 0x0 0x0 0x9 0x1 0x6 oops 0 methods 0
ciMethodData java/lang/ThreadLocal get ()Ljava/lang/Object; 2 60417 orig 80 3 0 0 0 0 0 0 0 0 0 0 0 176 153 241 56 0 0 0 0 0 0 0 0 0 0 0 0 0 0 0 0 0 0 0 0 0 0 0 1 0 0 0 0 0 0 0 0 0 0 0 0 0 0 0 0 0 0 0 0 0 0 0 0 0 0 0 0 0 0 0 0 0 0 0 0 0 0 0 0 data 40 0x2 0xeafe 0x60005 0x77b1 0x0 0x33cf91550 0xc36 0x33cf91080 0x6719 0x80000006000b0007 0xe 0x78 0xeaed 0x100005 0xeae9 0x0 0x0 0x0 0x0 0x0 0x150007 0xe08 0x20 0xdcea 0x220005 0xe16 0x0 0x0 0x0 0x0 0x0 0x0 0x0 0x0 0x0 0x0 0x0 0x9 0x1 0x0 oops 2